  [1m[36m (27.4ms)[0m  [1mCREATE TABLE "schema_migrations" ("version" varchar(255) NOT NULL) [0m
  [1m[35m (2.0ms)[0m  CREATE UNIQUE INDEX "unique_schema_migrations" ON "schema_migrations" ("version")
  [1m[36mActiveRecord::SchemaMigration Load (0.1ms)[0m  [1mSELECT "schema_migrations".* FROM "schema_migrations"[0m
Migrating to CreatePosts (20140402172307)
  [1m[35m (0.1ms)[0m  begin transaction
  [1m[36m (0.3ms)[0m  [1mCREATE TABLE "posts" ("id" INTEGER PRIMARY KEY AUTOINCREMENT NOT NULL, "title" varchar(255), "body" text, "created_at" datetime, "updated_at" datetime) [0m
  [1m[35mSQL (0.2ms)[0m  INSERT INTO "schema_migrations" ("version") VALUES (?)  [["version", "20140402172307"]]
  [1m[36m (2.2ms)[0m  [1mcommit transaction[0m
  [1m[35mActiveRecord::SchemaMigration Load (0.1ms)[0m  SELECT "schema_migrations".* FROM "schema_migrations"
  [1m[36mActiveRecord::SchemaMigration Load (0.2ms)[0m  [1mSELECT "schema_migrations".* FROM "schema_migrations"[0m
Migrating to CreateUsers (20140405141202)
  [1m[35m (0.1ms)[0m  begin transaction
  [1m[36m (0.4ms)[0m  [1mCREATE TABLE "users" ("id" INTEGER PRIMARY KEY AUTOINCREMENT NOT NULL, "username" varchar(255), "full_name" varchar(255), "email" varchar(255), "created_at" datetime, "updated_at" datetime) [0m
  [1m[35mSQL (0.2ms)[0m  INSERT INTO "schema_migrations" ("version") VALUES (?)  [["version", "20140405141202"]]
  [1m[36m (19.5ms)[0m  [1mcommit transaction[0m
  [1m[35mActiveRecord::SchemaMigration Load (0.1ms)[0m  SELECT "schema_migrations".* FROM "schema_migrations"
  [1m[36mActiveRecord::SchemaMigration Load (0.1ms)[0m  [1mSELECT "schema_migrations".* FROM "schema_migrations"[0m
  [1m[35mActiveRecord::SchemaMigration Load (0.1ms)[0m  SELECT "schema_migrations".* FROM "schema_migrations"
  [1m[36mActiveRecord::SchemaMigration Load (0.5ms)[0m  [1mSELECT "schema_migrations".* FROM "schema_migrations"[0m
Migrating to AddUserIdToPost (20140405143114)
  [1m[35m (0.2ms)[0m  begin transaction
  [1m[36m (1.0ms)[0m  [1mALTER TABLE "posts" ADD "user_id" integer[0m
  [1m[35mSQL (0.5ms)[0m  INSERT INTO "schema_migrations" ("version") VALUES (?)  [["version", "20140405143114"]]
  [1m[36m (7.8ms)[0m  [1mcommit transaction[0m
  [1m[35mActiveRecord::SchemaMigration Load (0.2ms)[0m  SELECT "schema_migrations".* FROM "schema_migrations"
  [1m[36m (0.2ms)[0m  [1mbegin transaction[0m
  [1m[35mSQL (54.9ms)[0m  INSERT INTO "users" ("created_at", "updated_at") VALUES (?, ?)  [["created_at", Sat, 05 Apr 2014 14:32:08 UTC +00:00], ["updated_at", Sat, 05 Apr 2014 14:32:08 UTC +00:00]]
  [1m[36m (6.2ms)[0m  [1mcommit transaction[0m
  [1m[35m (0.3ms)[0m  begin transaction
  [1m[36mSQL (0.9ms)[0m  [1mUPDATE "users" SET "username" = ?, "full_name" = ?, "email" = ?, "updated_at" = ? WHERE "users"."id" = 1[0m  [["username", "dsullivan"], ["full_name", "Dave Sullivan"], ["email", "dave@dave-sullivan.com"], ["updated_at", Sat, 05 Apr 2014 14:33:10 UTC +00:00]]
  [1m[35m (5.1ms)[0m  commit transaction
  [1m[36m (0.1ms)[0m  [1mbegin transaction[0m
  [1m[35mSQL (1.0ms)[0m  INSERT INTO "posts" ("body", "created_at", "title", "updated_at", "user_id") VALUES (?, ?, ?, ?, ?)  [["body", "This is my test post"], ["created_at", Sat, 05 Apr 2014 14:33:58 UTC +00:00], ["title", "Test post"], ["updated_at", Sat, 05 Apr 2014 14:33:58 UTC +00:00], ["user_id", 1]]
  [1m[36m (4.9ms)[0m  [1mcommit transaction[0m


Started GET "/" for 69.165.246.238 at 2014-04-05 20:40:01 +0000
  [1m[36mActiveRecord::SchemaMigration Load (0.4ms)[0m  [1mSELECT "schema_migrations".* FROM "schema_migrations"[0m

ActiveRecord::PendingMigrationError (Migrations are pending; run 'rake db:migrate RAILS_ENV=development' to resolve this issue.):
  activerecord (4.0.0) lib/active_record/migration.rb:379:in `check_pending!'
  activerecord (4.0.0) lib/active_record/migration.rb:366:in `call'
  actionpack (4.0.0) lib/action_dispatch/middleware/callbacks.rb:29:in `block in call'
  activesupport (4.0.0) lib/active_support/callbacks.rb:373:in `_run__1314828574277999619__call__callbacks'
  activesupport (4.0.0) lib/active_support/callbacks.rb:80:in `run_callbacks'
  actionpack (4.0.0) lib/action_dispatch/middleware/callbacks.rb:27:in `call'
  actionpack (4.0.0) lib/action_dispatch/middleware/reloader.rb:64:in `call'
  actionpack (4.0.0) lib/action_dispatch/middleware/remote_ip.rb:76:in `call'
  actionpack (4.0.0) lib/action_dispatch/middleware/debug_exceptions.rb:17:in `call'
  actionpack (4.0.0) lib/action_dispatch/middleware/show_exceptions.rb:30:in `call'
  railties (4.0.0) lib/rails/rack/logger.rb:38:in `call_app'
  railties (4.0.0) lib/rails/rack/logger.rb:21:in `block in call'
  activesupport (4.0.0) lib/active_support/tagged_logging.rb:67:in `block in tagged'
  activesupport (4.0.0) lib/active_support/tagged_logging.rb:25:in `tagged'
  activesupport (4.0.0) lib/active_support/tagged_logging.rb:67:in `tagged'
  railties (4.0.0) lib/rails/rack/logger.rb:21:in `call'
  actionpack (4.0.0) lib/action_dispatch/middleware/request_id.rb:21:in `call'
  rack (1.5.2) lib/rack/methodoverride.rb:21:in `call'
  rack (1.5.2) lib/rack/runtime.rb:17:in `call'
  activesupport (4.0.0) lib/active_support/cache/strategy/local_cache.rb:83:in `call'
  rack (1.5.2) lib/rack/lock.rb:17:in `call'
  actionpack (4.0.0) lib/action_dispatch/middleware/static.rb:64:in `call'
  railties (4.0.0) lib/rails/engine.rb:511:in `call'
  railties (4.0.0) lib/rails/application.rb:97:in `call'
  rack (1.5.2) lib/rack/lock.rb:17:in `call'
  rack (1.5.2) lib/rack/content_length.rb:14:in `call'
  rack (1.5.2) lib/rack/handler/webrick.rb:60:in `service'
  /opt/rubies/ruby-2.0.0-p247/lib/ruby/2.0.0/webrick/httpserver.rb:138:in `service'
  /opt/rubies/ruby-2.0.0-p247/lib/ruby/2.0.0/webrick/httpserver.rb:94:in `run'
  /opt/rubies/ruby-2.0.0-p247/lib/ruby/2.0.0/webrick/server.rb:295:in `block in start_thread'


  Rendered /opt/rubies/ruby-2.0.0-p247/lib/ruby/gems/2.0.0/gems/actionpack-4.0.0/lib/action_dispatch/middleware/templates/rescues/_source.erb (1.6ms)
  Rendered /opt/rubies/ruby-2.0.0-p247/lib/ruby/gems/2.0.0/gems/actionpack-4.0.0/lib/action_dispatch/middleware/templates/rescues/_trace.erb (2.4ms)
  Rendered /opt/rubies/ruby-2.0.0-p247/lib/ruby/gems/2.0.0/gems/actionpack-4.0.0/lib/action_dispatch/middleware/templates/rescues/_request_and_response.erb (2.0ms)
  Rendered /opt/rubies/ruby-2.0.0-p247/lib/ruby/gems/2.0.0/gems/actionpack-4.0.0/lib/action_dispatch/middleware/templates/rescues/diagnostics.erb within rescues/layout (33.8ms)
  [1m[36mActiveRecord::SchemaMigration Load (0.1ms)[0m  [1mSELECT "schema_migrations".* FROM "schema_migrations"[0m
Migrating to CreateComments (20140405144131)
  [1m[35m (0.1ms)[0m  begin transaction
  [1m[36m (0.4ms)[0m  [1mCREATE TABLE "comments" ("id" INTEGER PRIMARY KEY AUTOINCREMENT NOT NULL, "content" varchar(255), "user_id" integer, "post_id" integer, "created_at" datetime, "updated_at" datetime) [0m
  [1m[35m (0.2ms)[0m  CREATE INDEX "index_comments_on_user_id" ON "comments" ("user_id")
  [1m[36m (0.1ms)[0m  [1mCREATE INDEX "index_comments_on_post_id" ON "comments" ("post_id")[0m
  [1m[35mSQL (0.2ms)[0m  INSERT INTO "schema_migrations" ("version") VALUES (?)  [["version", "20140405144131"]]
  [1m[36m (16.3ms)[0m  [1mcommit transaction[0m
  [1m[35mActiveRecord::SchemaMigration Load (0.1ms)[0m  SELECT "schema_migrations".* FROM "schema_migrations"


Started GET "/" for 69.165.246.238 at 2014-04-05 20:40:34 +0000
  [1m[36mActiveRecord::SchemaMigration Load (0.3ms)[0m  [1mSELECT "schema_migrations".* FROM "schema_migrations"[0m
Processing by Rails::WelcomeController#index as HTML
  Rendered /opt/rubies/ruby-2.0.0-p247/lib/ruby/gems/2.0.0/gems/railties-4.0.0/lib/rails/templates/rails/welcome/index.html.erb (2.8ms)
Completed 200 OK in 63ms (Views: 13.5ms | ActiveRecord: 0.0ms)


Started GET "/posts/new" for 69.165.246.238 at 2014-04-05 20:40:39 +0000

ActionController::RoutingError (No route matches [GET] "/posts/new"):
  actionpack (4.0.0) lib/action_dispatch/middleware/debug_exceptions.rb:21:in `call'
  actionpack (4.0.0) lib/action_dispatch/middleware/show_exceptions.rb:30:in `call'
  railties (4.0.0) lib/rails/rack/logger.rb:38:in `call_app'
  railties (4.0.0) lib/rails/rack/logger.rb:21:in `block in call'
  activesupport (4.0.0) lib/active_support/tagged_logging.rb:67:in `block in tagged'
  activesupport (4.0.0) lib/active_support/tagged_logging.rb:25:in `tagged'
  activesupport (4.0.0) lib/active_support/tagged_logging.rb:67:in `tagged'
  railties (4.0.0) lib/rails/rack/logger.rb:21:in `call'
  actionpack (4.0.0) lib/action_dispatch/middleware/request_id.rb:21:in `call'
  rack (1.5.2) lib/rack/methodoverride.rb:21:in `call'
  rack (1.5.2) lib/rack/runtime.rb:17:in `call'
  activesupport (4.0.0) lib/active_support/cache/strategy/local_cache.rb:83:in `call'
  rack (1.5.2) lib/rack/lock.rb:17:in `call'
  actionpack (4.0.0) lib/action_dispatch/middleware/static.rb:64:in `call'
  railties (4.0.0) lib/rails/engine.rb:511:in `call'
  railties (4.0.0) lib/rails/application.rb:97:in `call'
  rack (1.5.2) lib/rack/lock.rb:17:in `call'
  rack (1.5.2) lib/rack/content_length.rb:14:in `call'
  rack (1.5.2) lib/rack/handler/webrick.rb:60:in `service'
  /opt/rubies/ruby-2.0.0-p247/lib/ruby/2.0.0/webrick/httpserver.rb:138:in `service'
  /opt/rubies/ruby-2.0.0-p247/lib/ruby/2.0.0/webrick/httpserver.rb:94:in `run'
  /opt/rubies/ruby-2.0.0-p247/lib/ruby/2.0.0/webrick/server.rb:295:in `block in start_thread'


  Rendered /opt/rubies/ruby-2.0.0-p247/lib/ruby/gems/2.0.0/gems/actionpack-4.0.0/lib/action_dispatch/middleware/templates/rescues/_trace.erb (2.1ms)
  Rendered /opt/rubies/ruby-2.0.0-p247/lib/ruby/gems/2.0.0/gems/actionpack-4.0.0/lib/action_dispatch/middleware/templates/routes/_table.html.erb (9.0ms)
  Rendered /opt/rubies/ruby-2.0.0-p247/lib/ruby/gems/2.0.0/gems/actionpack-4.0.0/lib/action_dispatch/middleware/templates/rescues/routing_error.erb within rescues/layout (32.9ms)


Started GET "/posts/new" for 69.165.246.238 at 2014-04-05 20:41:42 +0000
  [1m[36mActiveRecord::SchemaMigration Load (0.4ms)[0m  [1mSELECT "schema_migrations".* FROM "schema_migrations"[0m
Processing by PostsController#new as HTML
Completed 500 Internal Server Error in 59ms

ActionView::MissingTemplate (Missing template posts/new, application/new with {:locale=>[:en], :formats=>[:html], :handlers=>[:erb, :builder, :raw, :ruby, :jbuilder, :coffee]}. Searched in:
  * "/usr/local/src/blog/app/views"
):
  actionpack (4.0.0) lib/action_view/path_set.rb:46:in `find'
  actionpack (4.0.0) lib/action_view/lookup_context.rb:115:in `find'
  actionpack (4.0.0) lib/action_view/renderer/abstract_renderer.rb:18:in `find_template'
  actionpack (4.0.0) lib/action_view/renderer/template_renderer.rb:35:in `determine_template'
  actionpack (4.0.0) lib/action_view/renderer/template_renderer.rb:8:in `render'
  actionpack (4.0.0) lib/action_view/renderer/renderer.rb:42:in `render_template'
  actionpack (4.0.0) lib/action_view/renderer/renderer.rb:23:in `render'
  actionpack (4.0.0) lib/abstract_controller/rendering.rb:127:in `_render_template'
  actionpack (4.0.0) lib/action_controller/metal/streaming.rb:219:in `_render_template'
  actionpack (4.0.0) lib/abstract_controller/rendering.rb:120:in `render_to_body'
  actionpack (4.0.0) lib/action_controller/metal/rendering.rb:33:in `render_to_body'
  actionpack (4.0.0) lib/action_controller/metal/renderers.rb:26:in `render_to_body'
  actionpack (4.0.0) lib/abstract_controller/rendering.rb:97:in `render'
  actionpack (4.0.0) lib/action_controller/metal/rendering.rb:16:in `render'
  actionpack (4.0.0) lib/action_controller/metal/instrumentation.rb:41:in `block (2 levels) in render'
  activesupport (4.0.0) lib/active_support/core_ext/benchmark.rb:12:in `block in ms'
  /opt/rubies/ruby-2.0.0-p247/lib/ruby/2.0.0/benchmark.rb:296:in `realtime'
  activesupport (4.0.0) lib/active_support/core_ext/benchmark.rb:12:in `ms'
  actionpack (4.0.0) lib/action_controller/metal/instrumentation.rb:41:in `block in render'
  actionpack (4.0.0) lib/action_controller/metal/instrumentation.rb:84:in `cleanup_view_runtime'
  activerecord (4.0.0) lib/active_record/railties/controller_runtime.rb:25:in `cleanup_view_runtime'
  actionpack (4.0.0) lib/action_controller/metal/instrumentation.rb:40:in `render'
  actionpack (4.0.0) lib/action_controller/metal/implicit_render.rb:10:in `default_render'
  actionpack (4.0.0) lib/action_controller/metal/implicit_render.rb:5:in `send_action'
  actionpack (4.0.0) lib/abstract_controller/base.rb:189:in `process_action'
  actionpack (4.0.0) lib/action_controller/metal/rendering.rb:10:in `process_action'
  actionpack (4.0.0) lib/abstract_controller/callbacks.rb:18:in `block in process_action'
  activesupport (4.0.0) lib/active_support/callbacks.rb:403:in `_run__2446419353837414874__process_action__callbacks'
  activesupport (4.0.0) lib/active_support/callbacks.rb:80:in `run_callbacks'
  actionpack (4.0.0) lib/abstract_controller/callbacks.rb:17:in `process_action'
  actionpack (4.0.0) lib/action_controller/metal/rescue.rb:29:in `process_action'
  actionpack (4.0.0) lib/action_controller/metal/instrumentation.rb:31:in `block in process_action'
  activesupport (4.0.0) lib/active_support/notifications.rb:159:in `block in instrument'
  activesupport (4.0.0) lib/active_support/notifications/instrumenter.rb:20:in `instrument'
  activesupport (4.0.0) lib/active_support/notifications.rb:159:in `instrument'
  actionpack (4.0.0) lib/action_controller/metal/instrumentation.rb:30:in `process_action'
  actionpack (4.0.0) lib/action_controller/metal/params_wrapper.rb:245:in `process_action'
  activerecord (4.0.0) lib/active_record/railties/controller_runtime.rb:18:in `process_action'
  actionpack (4.0.0) lib/abstract_controller/base.rb:136:in `process'
  actionpack (4.0.0) lib/abstract_controller/rendering.rb:44:in `process'
  actionpack (4.0.0) lib/action_controller/metal.rb:195:in `dispatch'
  actionpack (4.0.0) lib/action_controller/metal/rack_delegation.rb:13:in `dispatch'
  actionpack (4.0.0) lib/action_controller/metal.rb:231:in `block in action'
  actionpack (4.0.0) lib/action_dispatch/routing/route_set.rb:80:in `call'
  actionpack (4.0.0) lib/action_dispatch/routing/route_set.rb:80:in `dispatch'
  actionpack (4.0.0) lib/action_dispatch/routing/route_set.rb:48:in `call'
  actionpack (4.0.0) lib/action_dispatch/journey/router.rb:71:in `block in call'
  actionpack (4.0.0) lib/action_dispatch/journey/router.rb:59:in `each'
  actionpack (4.0.0) lib/action_dispatch/journey/router.rb:59:in `call'
  actionpack (4.0.0) lib/action_dispatch/routing/route_set.rb:655:in `call'
  rack (1.5.2) lib/rack/etag.rb:23:in `call'
  rack (1.5.2) lib/rack/conditionalget.rb:25:in `call'
  rack (1.5.2) lib/rack/head.rb:11:in `call'
  actionpack (4.0.0) lib/action_dispatch/middleware/params_parser.rb:27:in `call'
  actionpack (4.0.0) lib/action_dispatch/middleware/flash.rb:241:in `call'
  rack (1.5.2) lib/rack/session/abstract/id.rb:225:in `context'
  rack (1.5.2) lib/rack/session/abstract/id.rb:220:in `call'
  actionpack (4.0.0) lib/action_dispatch/middleware/cookies.rb:486:in `call'
  activerecord (4.0.0) lib/active_record/query_cache.rb:36:in `call'
  activerecord (4.0.0) lib/active_record/connection_adapters/abstract/connection_pool.rb:626:in `call'
  activerecord (4.0.0) lib/active_record/migration.rb:369:in `call'
  actionpack (4.0.0) lib/action_dispatch/middleware/callbacks.rb:29:in `block in call'
  activesupport (4.0.0) lib/active_support/callbacks.rb:373:in `_run__1600138929319015016__call__callbacks'
  activesupport (4.0.0) lib/active_support/callbacks.rb:80:in `run_callbacks'
  actionpack (4.0.0) lib/action_dispatch/middleware/callbacks.rb:27:in `call'
  actionpack (4.0.0) lib/action_dispatch/middleware/reloader.rb:64:in `call'
  actionpack (4.0.0) lib/action_dispatch/middleware/remote_ip.rb:76:in `call'
  actionpack (4.0.0) lib/action_dispatch/middleware/debug_exceptions.rb:17:in `call'
  actionpack (4.0.0) lib/action_dispatch/middleware/show_exceptions.rb:30:in `call'
  railties (4.0.0) lib/rails/rack/logger.rb:38:in `call_app'
  railties (4.0.0) lib/rails/rack/logger.rb:21:in `block in call'
  activesupport (4.0.0) lib/active_support/tagged_logging.rb:67:in `block in tagged'
  activesupport (4.0.0) lib/active_support/tagged_logging.rb:25:in `tagged'
  activesupport (4.0.0) lib/active_support/tagged_logging.rb:67:in `tagged'
  railties (4.0.0) lib/rails/rack/logger.rb:21:in `call'
  actionpack (4.0.0) lib/action_dispatch/middleware/request_id.rb:21:in `call'
  rack (1.5.2) lib/rack/methodoverride.rb:21:in `call'
  rack (1.5.2) lib/rack/runtime.rb:17:in `call'
  activesupport (4.0.0) lib/active_support/cache/strategy/local_cache.rb:83:in `call'
  rack (1.5.2) lib/rack/lock.rb:17:in `call'
  actionpack (4.0.0) lib/action_dispatch/middleware/static.rb:64:in `call'
  railties (4.0.0) lib/rails/engine.rb:511:in `call'
  railties (4.0.0) lib/rails/application.rb:97:in `call'
  rack (1.5.2) lib/rack/lock.rb:17:in `call'
  rack (1.5.2) lib/rack/content_length.rb:14:in `call'
  rack (1.5.2) lib/rack/handler/webrick.rb:60:in `service'
  /opt/rubies/ruby-2.0.0-p247/lib/ruby/2.0.0/webrick/httpserver.rb:138:in `service'
  /opt/rubies/ruby-2.0.0-p247/lib/ruby/2.0.0/webrick/httpserver.rb:94:in `run'
  /opt/rubies/ruby-2.0.0-p247/lib/ruby/2.0.0/webrick/server.rb:295:in `block in start_thread'


  Rendered /opt/rubies/ruby-2.0.0-p247/lib/ruby/gems/2.0.0/gems/actionpack-4.0.0/lib/action_dispatch/middleware/templates/rescues/missing_template.erb within rescues/layout (2.5ms)


Started GET "/posts/new" for 69.165.246.238 at 2014-04-05 20:42:42 +0000
Processing by PostsController#new as HTML
  Rendered posts/new.html.erb within layouts/application (0.8ms)
Completed 200 OK in 1159ms (Views: 1157.5ms | ActiveRecord: 0.0ms)


Started GET "/assets/application.css?body=1" for 69.165.246.238 at 2014-04-05 20:42:43 +0000


Started GET "/assets/posts.css?body=1" for 69.165.246.238 at 2014-04-05 20:42:43 +0000


Started GET "/assets/turbolinks.js?body=1" for 69.165.246.238 at 2014-04-05 20:42:43 +0000


Started GET "/assets/jquery_ujs.js?body=1" for 69.165.246.238 at 2014-04-05 20:42:43 +0000


Started GET "/assets/jquery.js?body=1" for 69.165.246.238 at 2014-04-05 20:42:44 +0000


Started GET "/assets/posts.js?body=1" for 69.165.246.238 at 2014-04-05 20:42:44 +0000


Started GET "/assets/application.js?body=1" for 69.165.246.238 at 2014-04-05 20:42:44 +0000


Started GET "/posts/new" for 69.165.246.238 at 2014-04-05 20:49:05 +0000
  [1m[36mActiveRecord::SchemaMigration Load (0.3ms)[0m  [1mSELECT "schema_migrations".* FROM "schema_migrations"[0m
Processing by PostsController#new as HTML
  Rendered posts/new.html.erb within layouts/application (5.4ms)
Completed 500 Internal Server Error in 60ms

ActionView::Template::Error (undefined method `each' for nil:NilClass):
    1: <% @posts.each do |p| %>
    2:   <h2><%= p.title %></h2>
    3:   <small>By: <%= p.user.full_name %> on <%= p.created_on %></small>
    4:   <br/><br/>
  app/views/posts/new.html.erb:1:in `_app_views_posts_new_html_erb___4511247300580043957_69907283033500'


  Rendered /opt/rubies/ruby-2.0.0-p247/lib/ruby/gems/2.0.0/gems/actionpack-4.0.0/lib/action_dispatch/middleware/templates/rescues/_trace.erb (2.5ms)
  Rendered /opt/rubies/ruby-2.0.0-p247/lib/ruby/gems/2.0.0/gems/actionpack-4.0.0/lib/action_dispatch/middleware/templates/rescues/_request_and_response.erb (2.0ms)
  Rendered /opt/rubies/ruby-2.0.0-p247/lib/ruby/gems/2.0.0/gems/actionpack-4.0.0/lib/action_dispatch/middleware/templates/rescues/template_error.erb within rescues/layout (20.2ms)


Started GET "/posts" for 69.165.246.238 at 2014-04-05 20:49:30 +0000
Processing by PostsController#index as HTML
  [1m[35mPost Load (0.5ms)[0m  SELECT "posts".* FROM "posts"
  [1m[36mUser Load (3.4ms)[0m  [1mSELECT "users".* FROM "users" WHERE "users"."id" = ? ORDER BY "users"."id" ASC LIMIT 1[0m  [["id", 1]]
  Rendered posts/index.html.erb within layouts/application (148.6ms)
Completed 500 Internal Server Error in 162ms

ActionView::Template::Error (undefined method `created_on' for #<Post:0x007f291ea9ac10>):
    1: <% @posts.each do |p| %>
    2:   <h2><%= p.title %></h2>
    3:   <small>By: <%= p.user.full_name %> on <%= p.created_on %></small>
    4:   <br/><br/>
    5:   <p><%= p.content %></p>
    6: <% end %>
  app/views/posts/index.html.erb:3:in `block in _app_views_posts_index_html_erb__3191446506033218370_69907291586360'
  app/views/posts/index.html.erb:1:in `_app_views_posts_index_html_erb__3191446506033218370_69907291586360'


  Rendered /opt/rubies/ruby-2.0.0-p247/lib/ruby/gems/2.0.0/gems/actionpack-4.0.0/lib/action_dispatch/middleware/templates/rescues/_trace.erb (2.5ms)
  Rendered /opt/rubies/ruby-2.0.0-p247/lib/ruby/gems/2.0.0/gems/actionpack-4.0.0/lib/action_dispatch/middleware/templates/rescues/_request_and_response.erb (1.9ms)
  Rendered /opt/rubies/ruby-2.0.0-p247/lib/ruby/gems/2.0.0/gems/actionpack-4.0.0/lib/action_dispatch/middleware/templates/rescues/template_error.erb within rescues/layout (19.8ms)


Started GET "/posts" for 69.165.246.238 at 2014-04-05 20:50:00 +0000
Processing by PostsController#index as HTML
  [1m[35mPost Load (0.5ms)[0m  SELECT "posts".* FROM "posts"
  [1m[36mUser Load (0.2ms)[0m  [1mSELECT "users".* FROM "users" WHERE "users"."id" = ? ORDER BY "users"."id" ASC LIMIT 1[0m  [["id", 1]]
  Rendered posts/index.html.erb within layouts/application (8.5ms)
Completed 500 Internal Server Error in 13ms

ActionView::Template::Error (undefined method `content' for #<Post:0x007f291e6b6298>):
    2:   <h2><%= p.title %></h2>
    3:   <small>By: <%= p.user.full_name %> on <%= p.created_at %></small>
    4:   <br/><br/>
    5:   <p><%= p.content %></p>
    6: <% end %>
  app/views/posts/index.html.erb:5:in `block in _app_views_posts_index_html_erb__3191446506033218370_69907290262780'
  app/views/posts/index.html.erb:1:in `_app_views_posts_index_html_erb__3191446506033218370_69907290262780'


  Rendered /opt/rubies/ruby-2.0.0-p247/lib/ruby/gems/2.0.0/gems/actionpack-4.0.0/lib/action_dispatch/middleware/templates/rescues/_trace.erb (2.4ms)
  Rendered /opt/rubies/ruby-2.0.0-p247/lib/ruby/gems/2.0.0/gems/actionpack-4.0.0/lib/action_dispatch/middleware/templates/rescues/_request_and_response.erb (1.9ms)
  Rendered /opt/rubies/ruby-2.0.0-p247/lib/ruby/gems/2.0.0/gems/actionpack-4.0.0/lib/action_dispatch/middleware/templates/rescues/template_error.erb within rescues/layout (19.6ms)


Started GET "/posts" for 69.165.246.238 at 2014-04-05 20:50:13 +0000
Processing by PostsController#index as HTML
  [1m[35mPost Load (0.4ms)[0m  SELECT "posts".* FROM "posts"
  [1m[36mUser Load (0.2ms)[0m  [1mSELECT "users".* FROM "users" WHERE "users"."id" = ? ORDER BY "users"."id" ASC LIMIT 1[0m  [["id", 1]]
  Rendered posts/index.html.erb within layouts/application (5.6ms)
Completed 200 OK in 109ms (Views: 107.0ms | ActiveRecord: 0.7ms)


Started GET "/assets/application.css?body=1" for 69.165.246.238 at 2014-04-05 20:50:13 +0000


Started GET "/assets/posts.css?body=1" for 69.165.246.238 at 2014-04-05 20:50:13 +0000


Started GET "/assets/jquery_ujs.js?body=1" for 69.165.246.238 at 2014-04-05 20:50:13 +0000


Started GET "/assets/posts.js?body=1" for 69.165.246.238 at 2014-04-05 20:50:13 +0000


Started GET "/assets/turbolinks.js?body=1" for 69.165.246.238 at 2014-04-05 20:50:13 +0000


Started GET "/assets/jquery.js?body=1" for 69.165.246.238 at 2014-04-05 20:50:13 +0000


Started GET "/assets/application.js?body=1" for 69.165.246.238 at 2014-04-05 20:50:14 +0000


Started GET "/posts" for 67.204.221.138 at 2014-04-05 20:51:52 +0000
Processing by PostsController#index as HTML
  [1m[35mPost Load (0.4ms)[0m  SELECT "posts".* FROM "posts"
  [1m[36mUser Load (0.2ms)[0m  [1mSELECT "users".* FROM "users" WHERE "users"."id" = ? ORDER BY "users"."id" ASC LIMIT 1[0m  [["id", 1]]
  Rendered posts/index.html.erb within layouts/application (4.5ms)
Completed 200 OK in 13ms (Views: 11.4ms | ActiveRecord: 0.7ms)


Started GET "/assets/application.css?body=1" for 67.204.221.138 at 2014-04-05 20:51:52 +0000


Started GET "/assets/posts.css?body=1" for 67.204.221.138 at 2014-04-05 20:51:52 +0000


Started GET "/assets/jquery.js?body=1" for 67.204.221.138 at 2014-04-05 20:51:52 +0000


Started GET "/assets/jquery_ujs.js?body=1" for 67.204.221.138 at 2014-04-05 20:51:53 +0000


Started GET "/assets/turbolinks.js?body=1" for 67.204.221.138 at 2014-04-05 20:51:53 +0000


Started GET "/assets/application.js?body=1" for 67.204.221.138 at 2014-04-05 20:51:53 +0000


Started GET "/assets/posts.js?body=1" for 67.204.221.138 at 2014-04-05 20:51:53 +0000


Started GET "/posts" for 69.165.246.238 at 2014-04-05 20:57:24 +0000
Processing by PostsController#index as HTML
ERROR: compiling _app_views_posts_index_html_erb__3191446506033218370_69907291564480 RAISED /usr/local/src/blog/app/views/posts/index.html.erb:7: syntax error, unexpected tIDENTIFIER, expecting keyword_do or '{' or '('
...iew full article", url_for post );@output_buffer.safe_append...
...                               ^
Function body:           def _app_views_posts_index_html_erb__3191446506033218370_69907291564480(local_assigns, output_buffer)
            _old_virtual_path, @virtual_path = @virtual_path, "posts/index";_old_output_buffer = @output_buffer;;@output_buffer = output_buffer || ActionView::OutputBuffer.new; @posts.each do |p| 
@output_buffer.safe_append='  <h2>';@output_buffer.append=( p.title );@output_buffer.safe_append='</h2>
  <small>By: ';@output_buffer.append=( p.user.full_name );@output_buffer.safe_append=' on ';@output_buffer.append=( p.created_at );@output_buffer.safe_append='</small>
  <br/><br/>
  <p>';@output_buffer.append=( p.body );@output_buffer.safe_append='</p>
  <br/>
  <small>';@output_buffer.append=( link_to "View full article", url_for post );@output_buffer.safe_append='</small>
'; end 
@output_buffer.to_s
          ensure
            @virtual_path, @output_buffer = _old_virtual_path, _old_output_buffer
          end

Backtrace: /opt/rubies/ruby-2.0.0-p247/lib/ruby/gems/2.0.0/gems/actionpack-4.0.0/lib/action_view/template.rb:299:in `module_eval'
/opt/rubies/ruby-2.0.0-p247/lib/ruby/gems/2.0.0/gems/actionpack-4.0.0/lib/action_view/template.rb:299:in `compile'
/opt/rubies/ruby-2.0.0-p247/lib/ruby/gems/2.0.0/gems/actionpack-4.0.0/lib/action_view/template.rb:248:in `block in compile!'
/opt/rubies/ruby-2.0.0-p247/lib/ruby/gems/2.0.0/gems/actionpack-4.0.0/lib/action_view/template.rb:236:in `synchronize'
/opt/rubies/ruby-2.0.0-p247/lib/ruby/gems/2.0.0/gems/actionpack-4.0.0/lib/action_view/template.rb:236:in `compile!'
/opt/rubies/ruby-2.0.0-p247/lib/ruby/gems/2.0.0/gems/actionpack-4.0.0/lib/action_view/template.rb:142:in `block in render'
/opt/rubies/ruby-2.0.0-p247/lib/ruby/gems/2.0.0/gems/activesupport-4.0.0/lib/active_support/notifications.rb:161:in `instrument'
/opt/rubies/ruby-2.0.0-p247/lib/ruby/gems/2.0.0/gems/actionpack-4.0.0/lib/action_view/template.rb:141:in `render'
/opt/rubies/ruby-2.0.0-p247/lib/ruby/gems/2.0.0/gems/actionpack-4.0.0/lib/action_view/renderer/template_renderer.rb:49:in `block (2 levels) in render_template'
/opt/rubies/ruby-2.0.0-p247/lib/ruby/gems/2.0.0/gems/actionpack-4.0.0/lib/action_view/renderer/abstract_renderer.rb:38:in `block in instrument'
/opt/rubies/ruby-2.0.0-p247/lib/ruby/gems/2.0.0/gems/activesupport-4.0.0/lib/active_support/notifications.rb:159:in `block in instrument'
/opt/rubies/ruby-2.0.0-p247/lib/ruby/gems/2.0.0/gems/activesupport-4.0.0/lib/active_support/notifications/instrumenter.rb:20:in `instrument'
/opt/rubies/ruby-2.0.0-p247/lib/ruby/gems/2.0.0/gems/activesupport-4.0.0/lib/active_support/notifications.rb:159:in `instrument'
/opt/rubies/ruby-2.0.0-p247/lib/ruby/gems/2.0.0/gems/actionpack-4.0.0/lib/action_view/renderer/abstract_renderer.rb:38:in `instrument'
/opt/rubies/ruby-2.0.0-p247/lib/ruby/gems/2.0.0/gems/actionpack-4.0.0/lib/action_view/renderer/template_renderer.rb:48:in `block in render_template'
/opt/rubies/ruby-2.0.0-p247/lib/ruby/gems/2.0.0/gems/actionpack-4.0.0/lib/action_view/renderer/template_renderer.rb:56:in `render_with_layout'
/opt/rubies/ruby-2.0.0-p247/lib/ruby/gems/2.0.0/gems/actionpack-4.0.0/lib/action_view/renderer/template_renderer.rb:47:in `render_template'
/opt/rubies/ruby-2.0.0-p247/lib/ruby/gems/2.0.0/gems/actionpack-4.0.0/lib/action_view/renderer/template_renderer.rb:17:in `render'
/opt/rubies/ruby-2.0.0-p247/lib/ruby/gems/2.0.0/gems/actionpack-4.0.0/lib/action_view/renderer/renderer.rb:42:in `render_template'
/opt/rubies/ruby-2.0.0-p247/lib/ruby/gems/2.0.0/gems/actionpack-4.0.0/lib/action_view/renderer/renderer.rb:23:in `render'
/opt/rubies/ruby-2.0.0-p247/lib/ruby/gems/2.0.0/gems/actionpack-4.0.0/lib/abstract_controller/rendering.rb:127:in `_render_template'
/opt/rubies/ruby-2.0.0-p247/lib/ruby/gems/2.0.0/gems/actionpack-4.0.0/lib/action_controller/metal/streaming.rb:219:in `_render_template'
/opt/rubies/ruby-2.0.0-p247/lib/ruby/gems/2.0.0/gems/actionpack-4.0.0/lib/abstract_controller/rendering.rb:120:in `render_to_body'
/opt/rubies/ruby-2.0.0-p247/lib/ruby/gems/2.0.0/gems/actionpack-4.0.0/lib/action_controller/metal/rendering.rb:33:in `render_to_body'
/opt/rubies/ruby-2.0.0-p247/lib/ruby/gems/2.0.0/gems/actionpack-4.0.0/lib/action_controller/metal/renderers.rb:26:in `render_to_body'
/opt/rubies/ruby-2.0.0-p247/lib/ruby/gems/2.0.0/gems/actionpack-4.0.0/lib/abstract_controller/rendering.rb:97:in `render'
/opt/rubies/ruby-2.0.0-p247/lib/ruby/gems/2.0.0/gems/actionpack-4.0.0/lib/action_controller/metal/rendering.rb:16:in `render'
/opt/rubies/ruby-2.0.0-p247/lib/ruby/gems/2.0.0/gems/actionpack-4.0.0/lib/action_controller/metal/instrumentation.rb:41:in `block (2 levels) in render'
/opt/rubies/ruby-2.0.0-p247/lib/ruby/gems/2.0.0/gems/activesupport-4.0.0/lib/active_support/core_ext/benchmark.rb:12:in `block in ms'
/opt/rubies/ruby-2.0.0-p247/lib/ruby/2.0.0/benchmark.rb:296:in `realtime'
/opt/rubies/ruby-2.0.0-p247/lib/ruby/gems/2.0.0/gems/activesupport-4.0.0/lib/active_support/core_ext/benchmark.rb:12:in `ms'
/opt/rubies/ruby-2.0.0-p247/lib/ruby/gems/2.0.0/gems/actionpack-4.0.0/lib/action_controller/metal/instrumentation.rb:41:in `block in render'
/opt/rubies/ruby-2.0.0-p247/lib/ruby/gems/2.0.0/gems/actionpack-4.0.0/lib/action_controller/metal/instrumentation.rb:84:in `cleanup_view_runtime'
/opt/rubies/ruby-2.0.0-p247/lib/ruby/gems/2.0.0/gems/activerecord-4.0.0/lib/active_record/railties/controller_runtime.rb:25:in `cleanup_view_runtime'
/opt/rubies/ruby-2.0.0-p247/lib/ruby/gems/2.0.0/gems/actionpack-4.0.0/lib/action_controller/metal/instrumentation.rb:40:in `render'
/opt/rubies/ruby-2.0.0-p247/lib/ruby/gems/2.0.0/gems/actionpack-4.0.0/lib/action_controller/metal/implicit_render.rb:10:in `default_render'
/opt/rubies/ruby-2.0.0-p247/lib/ruby/gems/2.0.0/gems/actionpack-4.0.0/lib/action_controller/metal/implicit_render.rb:5:in `send_action'
/opt/rubies/ruby-2.0.0-p247/lib/ruby/gems/2.0.0/gems/actionpack-4.0.0/lib/abstract_controller/base.rb:189:in `process_action'
/opt/rubies/ruby-2.0.0-p247/lib/ruby/gems/2.0.0/gems/actionpack-4.0.0/lib/action_controller/metal/rendering.rb:10:in `process_action'
/opt/rubies/ruby-2.0.0-p247/lib/ruby/gems/2.0.0/gems/actionpack-4.0.0/lib/abstract_controller/callbacks.rb:18:in `block in process_action'
/opt/rubies/ruby-2.0.0-p247/lib/ruby/gems/2.0.0/gems/activesupport-4.0.0/lib/active_support/callbacks.rb:403:in `_run__2251987161343130631__process_action__callbacks'
/opt/rubies/ruby-2.0.0-p247/lib/ruby/gems/2.0.0/gems/activesupport-4.0.0/lib/active_support/callbacks.rb:80:in `run_callbacks'
/opt/rubies/ruby-2.0.0-p247/lib/ruby/gems/2.0.0/gems/actionpack-4.0.0/lib/abstract_controller/callbacks.rb:17:in `process_action'
/opt/rubies/ruby-2.0.0-p247/lib/ruby/gems/2.0.0/gems/actionpack-4.0.0/lib/action_controller/metal/rescue.rb:29:in `process_action'
/opt/rubies/ruby-2.0.0-p247/lib/ruby/gems/2.0.0/gems/actionpack-4.0.0/lib/action_controller/metal/instrumentation.rb:31:in `block in process_action'
/opt/rubies/ruby-2.0.0-p247/lib/ruby/gems/2.0.0/gems/activesupport-4.0.0/lib/active_support/notifications.rb:159:in `block in instrument'
/opt/rubies/ruby-2.0.0-p247/lib/ruby/gems/2.0.0/gems/activesupport-4.0.0/lib/active_support/notifications/instrumenter.rb:20:in `instrument'
/opt/rubies/ruby-2.0.0-p247/lib/ruby/gems/2.0.0/gems/activesupport-4.0.0/lib/active_support/notifications.rb:159:in `instrument'
/opt/rubies/ruby-2.0.0-p247/lib/ruby/gems/2.0.0/gems/actionpack-4.0.0/lib/action_controller/metal/instrumentation.rb:30:in `process_action'
/opt/rubies/ruby-2.0.0-p247/lib/ruby/gems/2.0.0/gems/actionpack-4.0.0/lib/action_controller/metal/params_wrapper.rb:245:in `process_action'
/opt/rubies/ruby-2.0.0-p247/lib/ruby/gems/2.0.0/gems/activerecord-4.0.0/lib/active_record/railties/controller_runtime.rb:18:in `process_action'
/opt/rubies/ruby-2.0.0-p247/lib/ruby/gems/2.0.0/gems/actionpack-4.0.0/lib/abstract_controller/base.rb:136:in `process'
/opt/rubies/ruby-2.0.0-p247/lib/ruby/gems/2.0.0/gems/actionpack-4.0.0/lib/abstract_controller/rendering.rb:44:in `process'
/opt/rubies/ruby-2.0.0-p247/lib/ruby/gems/2.0.0/gems/actionpack-4.0.0/lib/action_controller/metal.rb:195:in `dispatch'
/opt/rubies/ruby-2.0.0-p247/lib/ruby/gems/2.0.0/gems/actionpack-4.0.0/lib/action_controller/metal/rack_delegation.rb:13:in `dispatch'
/opt/rubies/ruby-2.0.0-p247/lib/ruby/gems/2.0.0/gems/actionpack-4.0.0/lib/action_controller/metal.rb:231:in `block in action'
/opt/rubies/ruby-2.0.0-p247/lib/ruby/gems/2.0.0/gems/actionpack-4.0.0/lib/action_dispatch/routing/route_set.rb:80:in `call'
/opt/rubies/ruby-2.0.0-p247/lib/ruby/gems/2.0.0/gems/actionpack-4.0.0/lib/action_dispatch/routing/route_set.rb:80:in `dispatch'
/opt/rubies/ruby-2.0.0-p247/lib/ruby/gems/2.0.0/gems/actionpack-4.0.0/lib/action_dispatch/routing/route_set.rb:48:in `call'
/opt/rubies/ruby-2.0.0-p247/lib/ruby/gems/2.0.0/gems/actionpack-4.0.0/lib/action_dispatch/journey/router.rb:71:in `block in call'
/opt/rubies/ruby-2.0.0-p247/lib/ruby/gems/2.0.0/gems/actionpack-4.0.0/lib/action_dispatch/journey/router.rb:59:in `each'
/opt/rubies/ruby-2.0.0-p247/lib/ruby/gems/2.0.0/gems/actionpack-4.0.0/lib/action_dispatch/journey/router.rb:59:in `call'
/opt/rubies/ruby-2.0.0-p247/lib/ruby/gems/2.0.0/gems/actionpack-4.0.0/lib/action_dispatch/routing/route_set.rb:655:in `call'
/opt/rubies/ruby-2.0.0-p247/lib/ruby/gems/2.0.0/gems/rack-1.5.2/lib/rack/etag.rb:23:in `call'
/opt/rubies/ruby-2.0.0-p247/lib/ruby/gems/2.0.0/gems/rack-1.5.2/lib/rack/conditionalget.rb:25:in `call'
/opt/rubies/ruby-2.0.0-p247/lib/ruby/gems/2.0.0/gems/rack-1.5.2/lib/rack/head.rb:11:in `call'
/opt/rubies/ruby-2.0.0-p247/lib/ruby/gems/2.0.0/gems/actionpack-4.0.0/lib/action_dispatch/middleware/params_parser.rb:27:in `call'
/opt/rubies/ruby-2.0.0-p247/lib/ruby/gems/2.0.0/gems/actionpack-4.0.0/lib/action_dispatch/middleware/flash.rb:241:in `call'
/opt/rubies/ruby-2.0.0-p247/lib/ruby/gems/2.0.0/gems/rack-1.5.2/lib/rack/session/abstract/id.rb:225:in `context'
/opt/rubies/ruby-2.0.0-p247/lib/ruby/gems/2.0.0/gems/rack-1.5.2/lib/rack/session/abstract/id.rb:220:in `call'
/opt/rubies/ruby-2.0.0-p247/lib/ruby/gems/2.0.0/gems/actionpack-4.0.0/lib/action_dispatch/middleware/cookies.rb:486:in `call'
/opt/rubies/ruby-2.0.0-p247/lib/ruby/gems/2.0.0/gems/activerecord-4.0.0/lib/active_record/query_cache.rb:36:in `call'
/opt/rubies/ruby-2.0.0-p247/lib/ruby/gems/2.0.0/gems/activerecord-4.0.0/lib/active_record/connection_adapters/abstract/connection_pool.rb:626:in `call'
/opt/rubies/ruby-2.0.0-p247/lib/ruby/gems/2.0.0/gems/activerecord-4.0.0/lib/active_record/migration.rb:369:in `call'
/opt/rubies/ruby-2.0.0-p247/lib/ruby/gems/2.0.0/gems/actionpack-4.0.0/lib/action_dispatch/middleware/callbacks.rb:29:in `block in call'
/opt/rubies/ruby-2.0.0-p247/lib/ruby/gems/2.0.0/gems/activesupport-4.0.0/lib/active_support/callbacks.rb:373:in `_run__1742472937087445592__call__callbacks'
/opt/rubies/ruby-2.0.0-p247/lib/ruby/gems/2.0.0/gems/activesupport-4.0.0/lib/active_support/callbacks.rb:80:in `run_callbacks'
/opt/rubies/ruby-2.0.0-p247/lib/ruby/gems/2.0.0/gems/actionpack-4.0.0/lib/action_dispatch/middleware/callbacks.rb:27:in `call'
/opt/rubies/ruby-2.0.0-p247/lib/ruby/gems/2.0.0/gems/actionpack-4.0.0/lib/action_dispatch/middleware/reloader.rb:64:in `call'
/opt/rubies/ruby-2.0.0-p247/lib/ruby/gems/2.0.0/gems/actionpack-4.0.0/lib/action_dispatch/middleware/remote_ip.rb:76:in `call'
/opt/rubies/ruby-2.0.0-p247/lib/ruby/gems/2.0.0/gems/actionpack-4.0.0/lib/action_dispatch/middleware/debug_exceptions.rb:17:in `call'
/opt/rubies/ruby-2.0.0-p247/lib/ruby/gems/2.0.0/gems/actionpack-4.0.0/lib/action_dispatch/middleware/show_exceptions.rb:30:in `call'
/opt/rubies/ruby-2.0.0-p247/lib/ruby/gems/2.0.0/gems/railties-4.0.0/lib/rails/rack/logger.rb:38:in `call_app'
/opt/rubies/ruby-2.0.0-p247/lib/ruby/gems/2.0.0/gems/railties-4.0.0/lib/rails/rack/logger.rb:21:in `block in call'
/opt/rubies/ruby-2.0.0-p247/lib/ruby/gems/2.0.0/gems/activesupport-4.0.0/lib/active_support/tagged_logging.rb:67:in `block in tagged'
/opt/rubies/ruby-2.0.0-p247/lib/ruby/gems/2.0.0/gems/activesupport-4.0.0/lib/active_support/tagged_logging.rb:25:in `tagged'
/opt/rubies/ruby-2.0.0-p247/lib/ruby/gems/2.0.0/gems/activesupport-4.0.0/lib/active_support/tagged_logging.rb:67:in `tagged'
/opt/rubies/ruby-2.0.0-p247/lib/ruby/gems/2.0.0/gems/railties-4.0.0/lib/rails/rack/logger.rb:21:in `call'
/opt/rubies/ruby-2.0.0-p247/lib/ruby/gems/2.0.0/gems/actionpack-4.0.0/lib/action_dispatch/middleware/request_id.rb:21:in `call'
/opt/rubies/ruby-2.0.0-p247/lib/ruby/gems/2.0.0/gems/rack-1.5.2/lib/rack/methodoverride.rb:21:in `call'
/opt/rubies/ruby-2.0.0-p247/lib/ruby/gems/2.0.0/gems/rack-1.5.2/lib/rack/runtime.rb:17:in `call'
/opt/rubies/ruby-2.0.0-p247/lib/ruby/gems/2.0.0/gems/activesupport-4.0.0/lib/active_support/cache/strategy/local_cache.rb:83:in `call'
/opt/rubies/ruby-2.0.0-p247/lib/ruby/gems/2.0.0/gems/rack-1.5.2/lib/rack/lock.rb:17:in `call'
/opt/rubies/ruby-2.0.0-p247/lib/ruby/gems/2.0.0/gems/actionpack-4.0.0/lib/action_dispatch/middleware/static.rb:64:in `call'
/opt/rubies/ruby-2.0.0-p247/lib/ruby/gems/2.0.0/gems/railties-4.0.0/lib/rails/engine.rb:511:in `call'
/opt/rubies/ruby-2.0.0-p247/lib/ruby/gems/2.0.0/gems/railties-4.0.0/lib/rails/application.rb:97:in `call'
/opt/rubies/ruby-2.0.0-p247/lib/ruby/gems/2.0.0/gems/rack-1.5.2/lib/rack/lock.rb:17:in `call'
/opt/rubies/ruby-2.0.0-p247/lib/ruby/gems/2.0.0/gems/rack-1.5.2/lib/rack/content_length.rb:14:in `call'
/opt/rubies/ruby-2.0.0-p247/lib/ruby/gems/2.0.0/gems/rack-1.5.2/lib/rack/handler/webrick.rb:60:in `service'
/opt/rubies/ruby-2.0.0-p247/lib/ruby/2.0.0/webrick/httpserver.rb:138:in `service'
/opt/rubies/ruby-2.0.0-p247/lib/ruby/2.0.0/webrick/httpserver.rb:94:in `run'
/opt/rubies/ruby-2.0.0-p247/lib/ruby/2.0.0/webrick/server.rb:295:in `block in start_thread'
  Rendered posts/index.html.erb within layouts/application (5.6ms)
Completed 500 Internal Server Error in 9ms

ActionView::Template::Error (/usr/local/src/blog/app/views/posts/index.html.erb:7: syntax error, unexpected tIDENTIFIER, expecting keyword_do or '{' or '('
...iew full article", url_for post );@output_buffer.safe_append...
...                               ^):
    4:   <br/><br/>
    5:   <p><%= p.body %></p>
    6:   <br/>
    7:   <small><%= link_to "View full article", url_for post %></small>
    8: <% end %>
  actionpack (4.0.0) lib/action_view/template.rb:299:in `module_eval'
  actionpack (4.0.0) lib/action_view/template.rb:299:in `compile'
  actionpack (4.0.0) lib/action_view/template.rb:248:in `block in compile!'
  actionpack (4.0.0) lib/action_view/template.rb:236:in `synchronize'
  actionpack (4.0.0) lib/action_view/template.rb:236:in `compile!'
  actionpack (4.0.0) lib/action_view/template.rb:142:in `block in render'
  activesupport (4.0.0) lib/active_support/notifications.rb:161:in `instrument'
  actionpack (4.0.0) lib/action_view/template.rb:141:in `render'
  actionpack (4.0.0) lib/action_view/renderer/template_renderer.rb:49:in `block (2 levels) in render_template'
  actionpack (4.0.0) lib/action_view/renderer/abstract_renderer.rb:38:in `block in instrument'
  activesupport (4.0.0) lib/active_support/notifications.rb:159:in `block in instrument'
  activesupport (4.0.0) lib/active_support/notifications/instrumenter.rb:20:in `instrument'
  activesupport (4.0.0) lib/active_support/notifications.rb:159:in `instrument'
  actionpack (4.0.0) lib/action_view/renderer/abstract_renderer.rb:38:in `instrument'
  actionpack (4.0.0) lib/action_view/renderer/template_renderer.rb:48:in `block in render_template'
  actionpack (4.0.0) lib/action_view/renderer/template_renderer.rb:56:in `render_with_layout'
  actionpack (4.0.0) lib/action_view/renderer/template_renderer.rb:47:in `render_template'
  actionpack (4.0.0) lib/action_view/renderer/template_renderer.rb:17:in `render'
  actionpack (4.0.0) lib/action_view/renderer/renderer.rb:42:in `render_template'
  actionpack (4.0.0) lib/action_view/renderer/renderer.rb:23:in `render'
  actionpack (4.0.0) lib/abstract_controller/rendering.rb:127:in `_render_template'
  actionpack (4.0.0) lib/action_controller/metal/streaming.rb:219:in `_render_template'
  actionpack (4.0.0) lib/abstract_controller/rendering.rb:120:in `render_to_body'
  actionpack (4.0.0) lib/action_controller/metal/rendering.rb:33:in `render_to_body'
  actionpack (4.0.0) lib/action_controller/metal/renderers.rb:26:in `render_to_body'
  actionpack (4.0.0) lib/abstract_controller/rendering.rb:97:in `render'
  actionpack (4.0.0) lib/action_controller/metal/rendering.rb:16:in `render'
  actionpack (4.0.0) lib/action_controller/metal/instrumentation.rb:41:in `block (2 levels) in render'
  activesupport (4.0.0) lib/active_support/core_ext/benchmark.rb:12:in `block in ms'
  /opt/rubies/ruby-2.0.0-p247/lib/ruby/2.0.0/benchmark.rb:296:in `realtime'
  activesupport (4.0.0) lib/active_support/core_ext/benchmark.rb:12:in `ms'
  actionpack (4.0.0) lib/action_controller/metal/instrumentation.rb:41:in `block in render'
  actionpack (4.0.0) lib/action_controller/metal/instrumentation.rb:84:in `cleanup_view_runtime'
  activerecord (4.0.0) lib/active_record/railties/controller_runtime.rb:25:in `cleanup_view_runtime'
  actionpack (4.0.0) lib/action_controller/metal/instrumentation.rb:40:in `render'
  actionpack (4.0.0) lib/action_controller/metal/implicit_render.rb:10:in `default_render'
  actionpack (4.0.0) lib/action_controller/metal/implicit_render.rb:5:in `send_action'
  actionpack (4.0.0) lib/abstract_controller/base.rb:189:in `process_action'
  actionpack (4.0.0) lib/action_controller/metal/rendering.rb:10:in `process_action'
  actionpack (4.0.0) lib/abstract_controller/callbacks.rb:18:in `block in process_action'
  activesupport (4.0.0) lib/active_support/callbacks.rb:403:in `_run__2251987161343130631__process_action__callbacks'
  activesupport (4.0.0) lib/active_support/callbacks.rb:80:in `run_callbacks'
  actionpack (4.0.0) lib/abstract_controller/callbacks.rb:17:in `process_action'
  actionpack (4.0.0) lib/action_controller/metal/rescue.rb:29:in `process_action'
  actionpack (4.0.0) lib/action_controller/metal/instrumentation.rb:31:in `block in process_action'
  activesupport (4.0.0) lib/active_support/notifications.rb:159:in `block in instrument'
  activesupport (4.0.0) lib/active_support/notifications/instrumenter.rb:20:in `instrument'
  activesupport (4.0.0) lib/active_support/notifications.rb:159:in `instrument'
  actionpack (4.0.0) lib/action_controller/metal/instrumentation.rb:30:in `process_action'
  actionpack (4.0.0) lib/action_controller/metal/params_wrapper.rb:245:in `process_action'
  activerecord (4.0.0) lib/active_record/railties/controller_runtime.rb:18:in `process_action'
  actionpack (4.0.0) lib/abstract_controller/base.rb:136:in `process'
  actionpack (4.0.0) lib/abstract_controller/rendering.rb:44:in `process'
  actionpack (4.0.0) lib/action_controller/metal.rb:195:in `dispatch'
  actionpack (4.0.0) lib/action_controller/metal/rack_delegation.rb:13:in `dispatch'
  actionpack (4.0.0) lib/action_controller/metal.rb:231:in `block in action'
  actionpack (4.0.0) lib/action_dispatch/routing/route_set.rb:80:in `call'
  actionpack (4.0.0) lib/action_dispatch/routing/route_set.rb:80:in `dispatch'
  actionpack (4.0.0) lib/action_dispatch/routing/route_set.rb:48:in `call'
  actionpack (4.0.0) lib/action_dispatch/journey/router.rb:71:in `block in call'
  actionpack (4.0.0) lib/action_dispatch/journey/router.rb:59:in `each'
  actionpack (4.0.0) lib/action_dispatch/journey/router.rb:59:in `call'
  actionpack (4.0.0) lib/action_dispatch/routing/route_set.rb:655:in `call'
  rack (1.5.2) lib/rack/etag.rb:23:in `call'
  rack (1.5.2) lib/rack/conditionalget.rb:25:in `call'
  rack (1.5.2) lib/rack/head.rb:11:in `call'
  actionpack (4.0.0) lib/action_dispatch/middleware/params_parser.rb:27:in `call'
  actionpack (4.0.0) lib/action_dispatch/middleware/flash.rb:241:in `call'
  rack (1.5.2) lib/rack/session/abstract/id.rb:225:in `context'
  rack (1.5.2) lib/rack/session/abstract/id.rb:220:in `call'
  actionpack (4.0.0) lib/action_dispatch/middleware/cookies.rb:486:in `call'
  activerecord (4.0.0) lib/active_record/query_cache.rb:36:in `call'
  activerecord (4.0.0) lib/active_record/connection_adapters/abstract/connection_pool.rb:626:in `call'
  activerecord (4.0.0) lib/active_record/migration.rb:369:in `call'
  actionpack (4.0.0) lib/action_dispatch/middleware/callbacks.rb:29:in `block in call'
  activesupport (4.0.0) lib/active_support/callbacks.rb:373:in `_run__1742472937087445592__call__callbacks'
  activesupport (4.0.0) lib/active_support/callbacks.rb:80:in `run_callbacks'
  actionpack (4.0.0) lib/action_dispatch/middleware/callbacks.rb:27:in `call'
  actionpack (4.0.0) lib/action_dispatch/middleware/reloader.rb:64:in `call'
  actionpack (4.0.0) lib/action_dispatch/middleware/remote_ip.rb:76:in `call'
  actionpack (4.0.0) lib/action_dispatch/middleware/debug_exceptions.rb:17:in `call'
  actionpack (4.0.0) lib/action_dispatch/middleware/show_exceptions.rb:30:in `call'
  railties (4.0.0) lib/rails/rack/logger.rb:38:in `call_app'
  railties (4.0.0) lib/rails/rack/logger.rb:21:in `block in call'
  activesupport (4.0.0) lib/active_support/tagged_logging.rb:67:in `block in tagged'
  activesupport (4.0.0) lib/active_support/tagged_logging.rb:25:in `tagged'
  activesupport (4.0.0) lib/active_support/tagged_logging.rb:67:in `tagged'
  railties (4.0.0) lib/rails/rack/logger.rb:21:in `call'
  actionpack (4.0.0) lib/action_dispatch/middleware/request_id.rb:21:in `call'
  rack (1.5.2) lib/rack/methodoverride.rb:21:in `call'
  rack (1.5.2) lib/rack/runtime.rb:17:in `call'
  activesupport (4.0.0) lib/active_support/cache/strategy/local_cache.rb:83:in `call'
  rack (1.5.2) lib/rack/lock.rb:17:in `call'
  actionpack (4.0.0) lib/action_dispatch/middleware/static.rb:64:in `call'
  railties (4.0.0) lib/rails/engine.rb:511:in `call'
  railties (4.0.0) lib/rails/application.rb:97:in `call'
  rack (1.5.2) lib/rack/lock.rb:17:in `call'
  rack (1.5.2) lib/rack/content_length.rb:14:in `call'
  rack (1.5.2) lib/rack/handler/webrick.rb:60:in `service'
  /opt/rubies/ruby-2.0.0-p247/lib/ruby/2.0.0/webrick/httpserver.rb:138:in `service'
  /opt/rubies/ruby-2.0.0-p247/lib/ruby/2.0.0/webrick/httpserver.rb:94:in `run'
  /opt/rubies/ruby-2.0.0-p247/lib/ruby/2.0.0/webrick/server.rb:295:in `block in start_thread'


  Rendered /opt/rubies/ruby-2.0.0-p247/lib/ruby/gems/2.0.0/gems/actionpack-4.0.0/lib/action_dispatch/middleware/templates/rescues/_trace.erb (8.1ms)
  Rendered /opt/rubies/ruby-2.0.0-p247/lib/ruby/gems/2.0.0/gems/actionpack-4.0.0/lib/action_dispatch/middleware/templates/rescues/_request_and_response.erb (6.5ms)
  Rendered /opt/rubies/ruby-2.0.0-p247/lib/ruby/gems/2.0.0/gems/actionpack-4.0.0/lib/action_dispatch/middleware/templates/rescues/template_error.erb within rescues/layout (35.2ms)


Started GET "/posts" for 69.165.246.238 at 2014-04-05 20:59:01 +0000
Processing by PostsController#index as HTML
  [1m[35mPost Load (0.7ms)[0m  SELECT "posts".* FROM "posts"
  [1m[36mUser Load (0.2ms)[0m  [1mSELECT "users".* FROM "users" WHERE "users"."id" = ? ORDER BY "users"."id" ASC LIMIT 1[0m  [["id", 1]]
  Rendered posts/index.html.erb within layouts/application (8.5ms)
Completed 200 OK in 18ms (Views: 15.5ms | ActiveRecord: 0.9ms)


Started GET "/assets/application.css?body=1" for 69.165.246.238 at 2014-04-05 20:59:01 +0000


Started GET "/assets/posts.css?body=1" for 69.165.246.238 at 2014-04-05 20:59:01 +0000


Started GET "/assets/jquery.js?body=1" for 69.165.246.238 at 2014-04-05 20:59:01 +0000


Started GET "/assets/jquery_ujs.js?body=1" for 69.165.246.238 at 2014-04-05 20:59:01 +0000


Started GET "/assets/turbolinks.js?body=1" for 69.165.246.238 at 2014-04-05 20:59:01 +0000


Started GET "/assets/posts.js?body=1" for 69.165.246.238 at 2014-04-05 20:59:01 +0000


Started GET "/assets/application.js?body=1" for 69.165.246.238 at 2014-04-05 20:59:01 +0000


Started GET "/posts" for 69.165.246.238 at 2014-04-05 20:59:51 +0000
Processing by PostsController#index as HTML
  [1m[35mPost Load (0.5ms)[0m  SELECT "posts".* FROM "posts"
  [1m[36mUser Load (0.2ms)[0m  [1mSELECT "users".* FROM "users" WHERE "users"."id" = ? ORDER BY "users"."id" ASC LIMIT 1[0m  [["id", 1]]
  Rendered posts/index.html.erb within layouts/application (77.7ms)
Completed 500 Internal Server Error in 82ms

ActionView::Template::Error (uninitialized constant Post::Comment):
    4:   <br/><br/>
    5:   <p><%= p.body %></p>
    6:   <br/>
    7:   <small><%= link_to "View full article", p %> &middot; <%= p.comments.length %> comments</small>
    8: <% end %>
  app/views/posts/index.html.erb:7:in `block in _app_views_posts_index_html_erb__3191446506033218370_69907294874180'
  app/views/posts/index.html.erb:1:in `_app_views_posts_index_html_erb__3191446506033218370_69907294874180'


  Rendered /opt/rubies/ruby-2.0.0-p247/lib/ruby/gems/2.0.0/gems/actionpack-4.0.0/lib/action_dispatch/middleware/templates/rescues/_trace.erb (2.9ms)
  Rendered /opt/rubies/ruby-2.0.0-p247/lib/ruby/gems/2.0.0/gems/actionpack-4.0.0/lib/action_dispatch/middleware/templates/rescues/_request_and_response.erb (2.1ms)
  Rendered /opt/rubies/ruby-2.0.0-p247/lib/ruby/gems/2.0.0/gems/actionpack-4.0.0/lib/action_dispatch/middleware/templates/rescues/template_error.erb within rescues/layout (21.6ms)


Started GET "/posts" for 69.165.246.238 at 2014-04-05 21:04:27 +0000
Processing by PostsController#index as HTML
  [1m[35mPost Load (0.8ms)[0m  SELECT "posts".* FROM "posts"
  [1m[36mUser Load (0.4ms)[0m  [1mSELECT "users".* FROM "users" WHERE "users"."id" = ? ORDER BY "users"."id" ASC LIMIT 1[0m  [["id", 1]]
  [1m[35mComments Load (0.4ms)[0m  SELECT "comments".* FROM "comments" WHERE "comments"."post_id" = ?  [["post_id", 1]]
  Rendered posts/index.html.erb within layouts/application (85.3ms)
Completed 200 OK in 101ms (Views: 90.1ms | ActiveRecord: 3.2ms)


Started GET "/assets/application.css?body=1" for 69.165.246.238 at 2014-04-05 21:04:27 +0000


Started GET "/assets/jquery_ujs.js?body=1" for 69.165.246.238 at 2014-04-05 21:04:27 +0000


Started GET "/assets/turbolinks.js?body=1" for 69.165.246.238 at 2014-04-05 21:04:27 +0000


Started GET "/assets/jquery.js?body=1" for 69.165.246.238 at 2014-04-05 21:04:27 +0000


Started GET "/assets/posts.js?body=1" for 69.165.246.238 at 2014-04-05 21:04:27 +0000


Started GET "/assets/posts.css?body=1" for 69.165.246.238 at 2014-04-05 21:04:27 +0000


Started GET "/assets/application.js?body=1" for 69.165.246.238 at 2014-04-05 21:04:27 +0000


Started GET "/posts/1" for 69.165.246.238 at 2014-04-05 21:05:07 +0000

AbstractController::ActionNotFound (The action 'show' could not be found for PostsController):
  actionpack (4.0.0) lib/abstract_controller/base.rb:131:in `process'
  actionpack (4.0.0) lib/abstract_controller/rendering.rb:44:in `process'
  actionpack (4.0.0) lib/action_controller/metal.rb:195:in `dispatch'
  actionpack (4.0.0) lib/action_controller/metal/rack_delegation.rb:13:in `dispatch'
  actionpack (4.0.0) lib/action_controller/metal.rb:231:in `block in action'
  actionpack (4.0.0) lib/action_dispatch/routing/route_set.rb:80:in `call'
  actionpack (4.0.0) lib/action_dispatch/routing/route_set.rb:80:in `dispatch'
  actionpack (4.0.0) lib/action_dispatch/routing/route_set.rb:48:in `call'
  actionpack (4.0.0) lib/action_dispatch/journey/router.rb:71:in `block in call'
  actionpack (4.0.0) lib/action_dispatch/journey/router.rb:59:in `each'
  actionpack (4.0.0) lib/action_dispatch/journey/router.rb:59:in `call'
  actionpack (4.0.0) lib/action_dispatch/routing/route_set.rb:655:in `call'
  rack (1.5.2) lib/rack/etag.rb:23:in `call'
  rack (1.5.2) lib/rack/conditionalget.rb:25:in `call'
  rack (1.5.2) lib/rack/head.rb:11:in `call'
  actionpack (4.0.0) lib/action_dispatch/middleware/params_parser.rb:27:in `call'
  actionpack (4.0.0) lib/action_dispatch/middleware/flash.rb:241:in `call'
  rack (1.5.2) lib/rack/session/abstract/id.rb:225:in `context'
  rack (1.5.2) lib/rack/session/abstract/id.rb:220:in `call'
  actionpack (4.0.0) lib/action_dispatch/middleware/cookies.rb:486:in `call'
  activerecord (4.0.0) lib/active_record/query_cache.rb:36:in `call'
  activerecord (4.0.0) lib/active_record/connection_adapters/abstract/connection_pool.rb:626:in `call'
  activerecord (4.0.0) lib/active_record/migration.rb:369:in `call'
  actionpack (4.0.0) lib/action_dispatch/middleware/callbacks.rb:29:in `block in call'
  activesupport (4.0.0) lib/active_support/callbacks.rb:373:in `_run__1742472937087445592__call__callbacks'
  activesupport (4.0.0) lib/active_support/callbacks.rb:80:in `run_callbacks'
  actionpack (4.0.0) lib/action_dispatch/middleware/callbacks.rb:27:in `call'
  actionpack (4.0.0) lib/action_dispatch/middleware/reloader.rb:64:in `call'
  actionpack (4.0.0) lib/action_dispatch/middleware/remote_ip.rb:76:in `call'
  actionpack (4.0.0) lib/action_dispatch/middleware/debug_exceptions.rb:17:in `call'
  actionpack (4.0.0) lib/action_dispatch/middleware/show_exceptions.rb:30:in `call'
  railties (4.0.0) lib/rails/rack/logger.rb:38:in `call_app'
  railties (4.0.0) lib/rails/rack/logger.rb:21:in `block in call'
  activesupport (4.0.0) lib/active_support/tagged_logging.rb:67:in `block in tagged'
  activesupport (4.0.0) lib/active_support/tagged_logging.rb:25:in `tagged'
  activesupport (4.0.0) lib/active_support/tagged_logging.rb:67:in `tagged'
  railties (4.0.0) lib/rails/rack/logger.rb:21:in `call'
  actionpack (4.0.0) lib/action_dispatch/middleware/request_id.rb:21:in `call'
  rack (1.5.2) lib/rack/methodoverride.rb:21:in `call'
  rack (1.5.2) lib/rack/runtime.rb:17:in `call'
  activesupport (4.0.0) lib/active_support/cache/strategy/local_cache.rb:83:in `call'
  rack (1.5.2) lib/rack/lock.rb:17:in `call'
  actionpack (4.0.0) lib/action_dispatch/middleware/static.rb:64:in `call'
  railties (4.0.0) lib/rails/engine.rb:511:in `call'
  railties (4.0.0) lib/rails/application.rb:97:in `call'
  rack (1.5.2) lib/rack/lock.rb:17:in `call'
  rack (1.5.2) lib/rack/content_length.rb:14:in `call'
  rack (1.5.2) lib/rack/handler/webrick.rb:60:in `service'
  /opt/rubies/ruby-2.0.0-p247/lib/ruby/2.0.0/webrick/httpserver.rb:138:in `service'
  /opt/rubies/ruby-2.0.0-p247/lib/ruby/2.0.0/webrick/httpserver.rb:94:in `run'
  /opt/rubies/ruby-2.0.0-p247/lib/ruby/2.0.0/webrick/server.rb:295:in `block in start_thread'


  Rendered /opt/rubies/ruby-2.0.0-p247/lib/ruby/gems/2.0.0/gems/actionpack-4.0.0/lib/action_dispatch/middleware/templates/rescues/unknown_action.erb within rescues/layout (1.4ms)


Started GET "/posts/1" for 69.165.246.238 at 2014-04-05 21:05:07 +0000

AbstractController::ActionNotFound (The action 'show' could not be found for PostsController):
  actionpack (4.0.0) lib/abstract_controller/base.rb:131:in `process'
  actionpack (4.0.0) lib/abstract_controller/rendering.rb:44:in `process'
  actionpack (4.0.0) lib/action_controller/metal.rb:195:in `dispatch'
  actionpack (4.0.0) lib/action_controller/metal/rack_delegation.rb:13:in `dispatch'
  actionpack (4.0.0) lib/action_controller/metal.rb:231:in `block in action'
  actionpack (4.0.0) lib/action_dispatch/routing/route_set.rb:80:in `call'
  actionpack (4.0.0) lib/action_dispatch/routing/route_set.rb:80:in `dispatch'
  actionpack (4.0.0) lib/action_dispatch/routing/route_set.rb:48:in `call'
  actionpack (4.0.0) lib/action_dispatch/journey/router.rb:71:in `block in call'
  actionpack (4.0.0) lib/action_dispatch/journey/router.rb:59:in `each'
  actionpack (4.0.0) lib/action_dispatch/journey/router.rb:59:in `call'
  actionpack (4.0.0) lib/action_dispatch/routing/route_set.rb:655:in `call'
  rack (1.5.2) lib/rack/etag.rb:23:in `call'
  rack (1.5.2) lib/rack/conditionalget.rb:25:in `call'
  rack (1.5.2) lib/rack/head.rb:11:in `call'
  actionpack (4.0.0) lib/action_dispatch/middleware/params_parser.rb:27:in `call'
  actionpack (4.0.0) lib/action_dispatch/middleware/flash.rb:241:in `call'
  rack (1.5.2) lib/rack/session/abstract/id.rb:225:in `context'
  rack (1.5.2) lib/rack/session/abstract/id.rb:220:in `call'
  actionpack (4.0.0) lib/action_dispatch/middleware/cookies.rb:486:in `call'
  activerecord (4.0.0) lib/active_record/query_cache.rb:36:in `call'
  activerecord (4.0.0) lib/active_record/connection_adapters/abstract/connection_pool.rb:626:in `call'
  activerecord (4.0.0) lib/active_record/migration.rb:369:in `call'
  actionpack (4.0.0) lib/action_dispatch/middleware/callbacks.rb:29:in `block in call'
  activesupport (4.0.0) lib/active_support/callbacks.rb:373:in `_run__1742472937087445592__call__callbacks'
  activesupport (4.0.0) lib/active_support/callbacks.rb:80:in `run_callbacks'
  actionpack (4.0.0) lib/action_dispatch/middleware/callbacks.rb:27:in `call'
  actionpack (4.0.0) lib/action_dispatch/middleware/reloader.rb:64:in `call'
  actionpack (4.0.0) lib/action_dispatch/middleware/remote_ip.rb:76:in `call'
  actionpack (4.0.0) lib/action_dispatch/middleware/debug_exceptions.rb:17:in `call'
  actionpack (4.0.0) lib/action_dispatch/middleware/show_exceptions.rb:30:in `call'
  railties (4.0.0) lib/rails/rack/logger.rb:38:in `call_app'
  railties (4.0.0) lib/rails/rack/logger.rb:21:in `block in call'
  activesupport (4.0.0) lib/active_support/tagged_logging.rb:67:in `block in tagged'
  activesupport (4.0.0) lib/active_support/tagged_logging.rb:25:in `tagged'
  activesupport (4.0.0) lib/active_support/tagged_logging.rb:67:in `tagged'
  railties (4.0.0) lib/rails/rack/logger.rb:21:in `call'
  actionpack (4.0.0) lib/action_dispatch/middleware/request_id.rb:21:in `call'
  rack (1.5.2) lib/rack/methodoverride.rb:21:in `call'
  rack (1.5.2) lib/rack/runtime.rb:17:in `call'
  activesupport (4.0.0) lib/active_support/cache/strategy/local_cache.rb:83:in `call'
  rack (1.5.2) lib/rack/lock.rb:17:in `call'
  actionpack (4.0.0) lib/action_dispatch/middleware/static.rb:64:in `call'
  railties (4.0.0) lib/rails/engine.rb:511:in `call'
  railties (4.0.0) lib/rails/application.rb:97:in `call'
  rack (1.5.2) lib/rack/lock.rb:17:in `call'
  rack (1.5.2) lib/rack/content_length.rb:14:in `call'
  rack (1.5.2) lib/rack/handler/webrick.rb:60:in `service'
  /opt/rubies/ruby-2.0.0-p247/lib/ruby/2.0.0/webrick/httpserver.rb:138:in `service'
  /opt/rubies/ruby-2.0.0-p247/lib/ruby/2.0.0/webrick/httpserver.rb:94:in `run'
  /opt/rubies/ruby-2.0.0-p247/lib/ruby/2.0.0/webrick/server.rb:295:in `block in start_thread'


  Rendered /opt/rubies/ruby-2.0.0-p247/lib/ruby/gems/2.0.0/gems/actionpack-4.0.0/lib/action_dispatch/middleware/templates/rescues/unknown_action.erb within rescues/layout (1.1ms)


Started GET "/posts/1" for 69.165.246.238 at 2014-04-05 21:05:28 +0000
Processing by PostsController#show as HTML
  Parameters: {"id"=>"1"}
Completed 500 Internal Server Error in 4ms

ActionView::MissingTemplate (Missing template posts/show, application/show with {:locale=>[:en], :formats=>[:html, :xml], :handlers=>[:erb, :builder, :raw, :ruby, :jbuilder, :coffee]}. Searched in:
  * "/usr/local/src/blog/app/views"
):
  actionpack (4.0.0) lib/action_view/path_set.rb:46:in `find'
  actionpack (4.0.0) lib/action_view/lookup_context.rb:115:in `find'
  actionpack (4.0.0) lib/action_view/renderer/abstract_renderer.rb:18:in `find_template'
  actionpack (4.0.0) lib/action_view/renderer/template_renderer.rb:35:in `determine_template'
  actionpack (4.0.0) lib/action_view/renderer/template_renderer.rb:8:in `render'
  actionpack (4.0.0) lib/action_view/renderer/renderer.rb:42:in `render_template'
  actionpack (4.0.0) lib/action_view/renderer/renderer.rb:23:in `render'
  actionpack (4.0.0) lib/abstract_controller/rendering.rb:127:in `_render_template'
  actionpack (4.0.0) lib/action_controller/metal/streaming.rb:219:in `_render_template'
  actionpack (4.0.0) lib/abstract_controller/rendering.rb:120:in `render_to_body'
  actionpack (4.0.0) lib/action_controller/metal/rendering.rb:33:in `render_to_body'
  actionpack (4.0.0) lib/action_controller/metal/renderers.rb:26:in `render_to_body'
  actionpack (4.0.0) lib/abstract_controller/rendering.rb:97:in `render'
  actionpack (4.0.0) lib/action_controller/metal/rendering.rb:16:in `render'
  actionpack (4.0.0) lib/action_controller/metal/instrumentation.rb:41:in `block (2 levels) in render'
  activesupport (4.0.0) lib/active_support/core_ext/benchmark.rb:12:in `block in ms'
  /opt/rubies/ruby-2.0.0-p247/lib/ruby/2.0.0/benchmark.rb:296:in `realtime'
  activesupport (4.0.0) lib/active_support/core_ext/benchmark.rb:12:in `ms'
  actionpack (4.0.0) lib/action_controller/metal/instrumentation.rb:41:in `block in render'
  actionpack (4.0.0) lib/action_controller/metal/instrumentation.rb:84:in `cleanup_view_runtime'
  activerecord (4.0.0) lib/active_record/railties/controller_runtime.rb:25:in `cleanup_view_runtime'
  actionpack (4.0.0) lib/action_controller/metal/instrumentation.rb:40:in `render'
  actionpack (4.0.0) lib/action_controller/metal/implicit_render.rb:10:in `default_render'
  actionpack (4.0.0) lib/action_controller/metal/implicit_render.rb:5:in `send_action'
  actionpack (4.0.0) lib/abstract_controller/base.rb:189:in `process_action'
  actionpack (4.0.0) lib/action_controller/metal/rendering.rb:10:in `process_action'
  actionpack (4.0.0) lib/abstract_controller/callbacks.rb:18:in `block in process_action'
  activesupport (4.0.0) lib/active_support/callbacks.rb:403:in `_run__2251987161343130631__process_action__callbacks'
  activesupport (4.0.0) lib/active_support/callbacks.rb:80:in `run_callbacks'
  actionpack (4.0.0) lib/abstract_controller/callbacks.rb:17:in `process_action'
  actionpack (4.0.0) lib/action_controller/metal/rescue.rb:29:in `process_action'
  actionpack (4.0.0) lib/action_controller/metal/instrumentation.rb:31:in `block in process_action'
  activesupport (4.0.0) lib/active_support/notifications.rb:159:in `block in instrument'
  activesupport (4.0.0) lib/active_support/notifications/instrumenter.rb:20:in `instrument'
  activesupport (4.0.0) lib/active_support/notifications.rb:159:in `instrument'
  actionpack (4.0.0) lib/action_controller/metal/instrumentation.rb:30:in `process_action'
  actionpack (4.0.0) lib/action_controller/metal/params_wrapper.rb:245:in `process_action'
  activerecord (4.0.0) lib/active_record/railties/controller_runtime.rb:18:in `process_action'
  actionpack (4.0.0) lib/abstract_controller/base.rb:136:in `process'
  actionpack (4.0.0) lib/abstract_controller/rendering.rb:44:in `process'
  actionpack (4.0.0) lib/action_controller/metal.rb:195:in `dispatch'
  actionpack (4.0.0) lib/action_controller/metal/rack_delegation.rb:13:in `dispatch'
  actionpack (4.0.0) lib/action_controller/metal.rb:231:in `block in action'
  actionpack (4.0.0) lib/action_dispatch/routing/route_set.rb:80:in `call'
  actionpack (4.0.0) lib/action_dispatch/routing/route_set.rb:80:in `dispatch'
  actionpack (4.0.0) lib/action_dispatch/routing/route_set.rb:48:in `call'
  actionpack (4.0.0) lib/action_dispatch/journey/router.rb:71:in `block in call'
  actionpack (4.0.0) lib/action_dispatch/journey/router.rb:59:in `each'
  actionpack (4.0.0) lib/action_dispatch/journey/router.rb:59:in `call'
  actionpack (4.0.0) lib/action_dispatch/routing/route_set.rb:655:in `call'
  rack (1.5.2) lib/rack/etag.rb:23:in `call'
  rack (1.5.2) lib/rack/conditionalget.rb:25:in `call'
  rack (1.5.2) lib/rack/head.rb:11:in `call'
  actionpack (4.0.0) lib/action_dispatch/middleware/params_parser.rb:27:in `call'
  actionpack (4.0.0) lib/action_dispatch/middleware/flash.rb:241:in `call'
  rack (1.5.2) lib/rack/session/abstract/id.rb:225:in `context'
  rack (1.5.2) lib/rack/session/abstract/id.rb:220:in `call'
  actionpack (4.0.0) lib/action_dispatch/middleware/cookies.rb:486:in `call'
  activerecord (4.0.0) lib/active_record/query_cache.rb:36:in `call'
  activerecord (4.0.0) lib/active_record/connection_adapters/abstract/connection_pool.rb:626:in `call'
  activerecord (4.0.0) lib/active_record/migration.rb:369:in `call'
  actionpack (4.0.0) lib/action_dispatch/middleware/callbacks.rb:29:in `block in call'
  activesupport (4.0.0) lib/active_support/callbacks.rb:373:in `_run__1742472937087445592__call__callbacks'
  activesupport (4.0.0) lib/active_support/callbacks.rb:80:in `run_callbacks'
  actionpack (4.0.0) lib/action_dispatch/middleware/callbacks.rb:27:in `call'
  actionpack (4.0.0) lib/action_dispatch/middleware/reloader.rb:64:in `call'
  actionpack (4.0.0) lib/action_dispatch/middleware/remote_ip.rb:76:in `call'
  actionpack (4.0.0) lib/action_dispatch/middleware/debug_exceptions.rb:17:in `call'
  actionpack (4.0.0) lib/action_dispatch/middleware/show_exceptions.rb:30:in `call'
  railties (4.0.0) lib/rails/rack/logger.rb:38:in `call_app'
  railties (4.0.0) lib/rails/rack/logger.rb:21:in `block in call'
  activesupport (4.0.0) lib/active_support/tagged_logging.rb:67:in `block in tagged'
  activesupport (4.0.0) lib/active_support/tagged_logging.rb:25:in `tagged'
  activesupport (4.0.0) lib/active_support/tagged_logging.rb:67:in `tagged'
  railties (4.0.0) lib/rails/rack/logger.rb:21:in `call'
  actionpack (4.0.0) lib/action_dispatch/middleware/request_id.rb:21:in `call'
  rack (1.5.2) lib/rack/methodoverride.rb:21:in `call'
  rack (1.5.2) lib/rack/runtime.rb:17:in `call'
  activesupport (4.0.0) lib/active_support/cache/strategy/local_cache.rb:83:in `call'
  rack (1.5.2) lib/rack/lock.rb:17:in `call'
  actionpack (4.0.0) lib/action_dispatch/middleware/static.rb:64:in `call'
  railties (4.0.0) lib/rails/engine.rb:511:in `call'
  railties (4.0.0) lib/rails/application.rb:97:in `call'
  rack (1.5.2) lib/rack/lock.rb:17:in `call'
  rack (1.5.2) lib/rack/content_length.rb:14:in `call'
  rack (1.5.2) lib/rack/handler/webrick.rb:60:in `service'
  /opt/rubies/ruby-2.0.0-p247/lib/ruby/2.0.0/webrick/httpserver.rb:138:in `service'
  /opt/rubies/ruby-2.0.0-p247/lib/ruby/2.0.0/webrick/httpserver.rb:94:in `run'
  /opt/rubies/ruby-2.0.0-p247/lib/ruby/2.0.0/webrick/server.rb:295:in `block in start_thread'


  Rendered /opt/rubies/ruby-2.0.0-p247/lib/ruby/gems/2.0.0/gems/actionpack-4.0.0/lib/action_dispatch/middleware/templates/rescues/missing_template.erb within rescues/layout (5.9ms)


Started GET "/posts/1" for 69.165.246.238 at 2014-04-05 21:05:28 +0000
Processing by PostsController#show as HTML
  Parameters: {"id"=>"1"}
Completed 500 Internal Server Error in 3ms

ActionView::MissingTemplate (Missing template posts/show, application/show with {:locale=>[:en], :formats=>[:html], :handlers=>[:erb, :builder, :raw, :ruby, :jbuilder, :coffee]}. Searched in:
  * "/usr/local/src/blog/app/views"
):
  actionpack (4.0.0) lib/action_view/path_set.rb:46:in `find'
  actionpack (4.0.0) lib/action_view/lookup_context.rb:115:in `find'
  actionpack (4.0.0) lib/action_view/renderer/abstract_renderer.rb:18:in `find_template'
  actionpack (4.0.0) lib/action_view/renderer/template_renderer.rb:35:in `determine_template'
  actionpack (4.0.0) lib/action_view/renderer/template_renderer.rb:8:in `render'
  actionpack (4.0.0) lib/action_view/renderer/renderer.rb:42:in `render_template'
  actionpack (4.0.0) lib/action_view/renderer/renderer.rb:23:in `render'
  actionpack (4.0.0) lib/abstract_controller/rendering.rb:127:in `_render_template'
  actionpack (4.0.0) lib/action_controller/metal/streaming.rb:219:in `_render_template'
  actionpack (4.0.0) lib/abstract_controller/rendering.rb:120:in `render_to_body'
  actionpack (4.0.0) lib/action_controller/metal/rendering.rb:33:in `render_to_body'
  actionpack (4.0.0) lib/action_controller/metal/renderers.rb:26:in `render_to_body'
  actionpack (4.0.0) lib/abstract_controller/rendering.rb:97:in `render'
  actionpack (4.0.0) lib/action_controller/metal/rendering.rb:16:in `render'
  actionpack (4.0.0) lib/action_controller/metal/instrumentation.rb:41:in `block (2 levels) in render'
  activesupport (4.0.0) lib/active_support/core_ext/benchmark.rb:12:in `block in ms'
  /opt/rubies/ruby-2.0.0-p247/lib/ruby/2.0.0/benchmark.rb:296:in `realtime'
  activesupport (4.0.0) lib/active_support/core_ext/benchmark.rb:12:in `ms'
  actionpack (4.0.0) lib/action_controller/metal/instrumentation.rb:41:in `block in render'
  actionpack (4.0.0) lib/action_controller/metal/instrumentation.rb:84:in `cleanup_view_runtime'
  activerecord (4.0.0) lib/active_record/railties/controller_runtime.rb:25:in `cleanup_view_runtime'
  actionpack (4.0.0) lib/action_controller/metal/instrumentation.rb:40:in `render'
  actionpack (4.0.0) lib/action_controller/metal/implicit_render.rb:10:in `default_render'
  actionpack (4.0.0) lib/action_controller/metal/implicit_render.rb:5:in `send_action'
  actionpack (4.0.0) lib/abstract_controller/base.rb:189:in `process_action'
  actionpack (4.0.0) lib/action_controller/metal/rendering.rb:10:in `process_action'
  actionpack (4.0.0) lib/abstract_controller/callbacks.rb:18:in `block in process_action'
  activesupport (4.0.0) lib/active_support/callbacks.rb:403:in `_run__2251987161343130631__process_action__callbacks'
  activesupport (4.0.0) lib/active_support/callbacks.rb:80:in `run_callbacks'
  actionpack (4.0.0) lib/abstract_controller/callbacks.rb:17:in `process_action'
  actionpack (4.0.0) lib/action_controller/metal/rescue.rb:29:in `process_action'
  actionpack (4.0.0) lib/action_controller/metal/instrumentation.rb:31:in `block in process_action'
  activesupport (4.0.0) lib/active_support/notifications.rb:159:in `block in instrument'
  activesupport (4.0.0) lib/active_support/notifications/instrumenter.rb:20:in `instrument'
  activesupport (4.0.0) lib/active_support/notifications.rb:159:in `instrument'
  actionpack (4.0.0) lib/action_controller/metal/instrumentation.rb:30:in `process_action'
  actionpack (4.0.0) lib/action_controller/metal/params_wrapper.rb:245:in `process_action'
  activerecord (4.0.0) lib/active_record/railties/controller_runtime.rb:18:in `process_action'
  actionpack (4.0.0) lib/abstract_controller/base.rb:136:in `process'
  actionpack (4.0.0) lib/abstract_controller/rendering.rb:44:in `process'
  actionpack (4.0.0) lib/action_controller/metal.rb:195:in `dispatch'
  actionpack (4.0.0) lib/action_controller/metal/rack_delegation.rb:13:in `dispatch'
  actionpack (4.0.0) lib/action_controller/metal.rb:231:in `block in action'
  actionpack (4.0.0) lib/action_dispatch/routing/route_set.rb:80:in `call'
  actionpack (4.0.0) lib/action_dispatch/routing/route_set.rb:80:in `dispatch'
  actionpack (4.0.0) lib/action_dispatch/routing/route_set.rb:48:in `call'
  actionpack (4.0.0) lib/action_dispatch/journey/router.rb:71:in `block in call'
  actionpack (4.0.0) lib/action_dispatch/journey/router.rb:59:in `each'
  actionpack (4.0.0) lib/action_dispatch/journey/router.rb:59:in `call'
  actionpack (4.0.0) lib/action_dispatch/routing/route_set.rb:655:in `call'
  rack (1.5.2) lib/rack/etag.rb:23:in `call'
  rack (1.5.2) lib/rack/conditionalget.rb:25:in `call'
  rack (1.5.2) lib/rack/head.rb:11:in `call'
  actionpack (4.0.0) lib/action_dispatch/middleware/params_parser.rb:27:in `call'
  actionpack (4.0.0) lib/action_dispatch/middleware/flash.rb:241:in `call'
  rack (1.5.2) lib/rack/session/abstract/id.rb:225:in `context'
  rack (1.5.2) lib/rack/session/abstract/id.rb:220:in `call'
  actionpack (4.0.0) lib/action_dispatch/middleware/cookies.rb:486:in `call'
  activerecord (4.0.0) lib/active_record/query_cache.rb:36:in `call'
  activerecord (4.0.0) lib/active_record/connection_adapters/abstract/connection_pool.rb:626:in `call'
  activerecord (4.0.0) lib/active_record/migration.rb:369:in `call'
  actionpack (4.0.0) lib/action_dispatch/middleware/callbacks.rb:29:in `block in call'
  activesupport (4.0.0) lib/active_support/callbacks.rb:373:in `_run__1742472937087445592__call__callbacks'
  activesupport (4.0.0) lib/active_support/callbacks.rb:80:in `run_callbacks'
  actionpack (4.0.0) lib/action_dispatch/middleware/callbacks.rb:27:in `call'
  actionpack (4.0.0) lib/action_dispatch/middleware/reloader.rb:64:in `call'
  actionpack (4.0.0) lib/action_dispatch/middleware/remote_ip.rb:76:in `call'
  actionpack (4.0.0) lib/action_dispatch/middleware/debug_exceptions.rb:17:in `call'
  actionpack (4.0.0) lib/action_dispatch/middleware/show_exceptions.rb:30:in `call'
  railties (4.0.0) lib/rails/rack/logger.rb:38:in `call_app'
  railties (4.0.0) lib/rails/rack/logger.rb:21:in `block in call'
  activesupport (4.0.0) lib/active_support/tagged_logging.rb:67:in `block in tagged'
  activesupport (4.0.0) lib/active_support/tagged_logging.rb:25:in `tagged'
  activesupport (4.0.0) lib/active_support/tagged_logging.rb:67:in `tagged'
  railties (4.0.0) lib/rails/rack/logger.rb:21:in `call'
  actionpack (4.0.0) lib/action_dispatch/middleware/request_id.rb:21:in `call'
  rack (1.5.2) lib/rack/methodoverride.rb:21:in `call'
  rack (1.5.2) lib/rack/runtime.rb:17:in `call'
  activesupport (4.0.0) lib/active_support/cache/strategy/local_cache.rb:83:in `call'
  rack (1.5.2) lib/rack/lock.rb:17:in `call'
  actionpack (4.0.0) lib/action_dispatch/middleware/static.rb:64:in `call'
  railties (4.0.0) lib/rails/engine.rb:511:in `call'
  railties (4.0.0) lib/rails/application.rb:97:in `call'
  rack (1.5.2) lib/rack/lock.rb:17:in `call'
  rack (1.5.2) lib/rack/content_length.rb:14:in `call'
  rack (1.5.2) lib/rack/handler/webrick.rb:60:in `service'
  /opt/rubies/ruby-2.0.0-p247/lib/ruby/2.0.0/webrick/httpserver.rb:138:in `service'
  /opt/rubies/ruby-2.0.0-p247/lib/ruby/2.0.0/webrick/httpserver.rb:94:in `run'
  /opt/rubies/ruby-2.0.0-p247/lib/ruby/2.0.0/webrick/server.rb:295:in `block in start_thread'


  Rendered /opt/rubies/ruby-2.0.0-p247/lib/ruby/gems/2.0.0/gems/actionpack-4.0.0/lib/action_dispatch/middleware/templates/rescues/missing_template.erb within rescues/layout (1.0ms)


Started GET "/posts/1" for 69.165.246.238 at 2014-04-05 21:06:57 +0000
Processing by PostsController#show as HTML
  Parameters: {"id"=>"1"}
  Rendered posts/show.html.erb within layouts/application (14.5ms)
Completed 500 Internal Server Error in 19ms

ActionView::Template::Error (undefined local variable or method `post' for #<#<Class:0x007f291d4a0108>:0x007f291ead49b0>):
    1: <h2><%= post.title %></h2>
    2: <small>By: <%= post.user.full_name %> on <%= post.created_at %></small>
    3: <br/><br/>
    4: <p><%= post.body %></p>
  app/views/posts/show.html.erb:1:in `_app_views_posts_show_html_erb___645067660981470895_69907292576900'


  Rendered /opt/rubies/ruby-2.0.0-p247/lib/ruby/gems/2.0.0/gems/actionpack-4.0.0/lib/action_dispatch/middleware/templates/rescues/_trace.erb (2.6ms)
  Rendered /opt/rubies/ruby-2.0.0-p247/lib/ruby/gems/2.0.0/gems/actionpack-4.0.0/lib/action_dispatch/middleware/templates/rescues/_request_and_response.erb (2.3ms)
  Rendered /opt/rubies/ruby-2.0.0-p247/lib/ruby/gems/2.0.0/gems/actionpack-4.0.0/lib/action_dispatch/middleware/templates/rescues/template_error.erb within rescues/layout (39.1ms)


Started GET "/posts/1" for 69.165.246.238 at 2014-04-05 21:07:57 +0000
Processing by PostsController#show as HTML
  Parameters: {"id"=>"1"}
  [1m[36mPost Load (0.4ms)[0m  [1mSELECT "posts".* FROM "posts" WHERE "posts"."id" = ? LIMIT 1[0m  [["id", "1"]]
  [1m[35mUser Load (0.4ms)[0m  SELECT "users".* FROM "users" WHERE "users"."id" = ? ORDER BY "users"."id" ASC LIMIT 1  [["id", 1]]
  [1m[36mComments Load (0.5ms)[0m  [1mSELECT "comments".* FROM "comments" WHERE "comments"."post_id" = ?[0m  [["post_id", 1]]
  Rendered posts/show.html.erb within layouts/application (115.0ms)
Completed 200 OK in 165ms (Views: 121.0ms | ActiveRecord: 3.5ms)


Started GET "/assets/application.css?body=1" for 69.165.246.238 at 2014-04-05 21:07:58 +0000


Started GET "/assets/jquery.js?body=1" for 69.165.246.238 at 2014-04-05 21:07:58 +0000


Started GET "/assets/posts.css?body=1" for 69.165.246.238 at 2014-04-05 21:07:58 +0000


Started GET "/assets/jquery_ujs.js?body=1" for 69.165.246.238 at 2014-04-05 21:07:58 +0000


Started GET "/assets/turbolinks.js?body=1" for 69.165.246.238 at 2014-04-05 21:07:58 +0000


Started GET "/assets/posts.js?body=1" for 69.165.246.238 at 2014-04-05 21:07:58 +0000


Started GET "/assets/application.js?body=1" for 69.165.246.238 at 2014-04-05 21:07:58 +0000
